<?xml version="1.0" encoding="UTF-8"?>
<testsuite xmlns:xsi="http://www.w3.org/2001/XMLSchema-instance" xsi:noNamespaceSchemaLocation="https://maven.apache.org/surefire/maven-surefire-plugin/xsd/surefire-test-report.xsd" version="3.0.2" name="TestSuite" time="29.889" tests="25" errors="0" skipped="0" failures="0">
  <properties>
    <property name="java.specification.version" value="21"/>
    <property name="sun.cpu.isalist" value="amd64"/>
    <property name="sun.jnu.encoding" value="Cp1252"/>
    <property name="java.class.path" value="C:\Users\pylaj\eclipse-workspace\PlaywrightFramework\target\test-classes;C:\Users\pylaj\eclipse-workspace\PlaywrightFramework\target\classes;C:\Users\pylaj\.m2\repository\com\microsoft\playwright\playwright\1.54.0\playwright-1.54.0.jar;C:\Users\pylaj\.m2\repository\com\google\code\gson\gson\2.12.1\gson-2.12.1.jar;C:\Users\pylaj\.m2\repository\com\google\errorprone\error_prone_annotations\2.36.0\error_prone_annotations-2.36.0.jar;C:\Users\pylaj\.m2\repository\org\opentest4j\opentest4j\1.3.0\opentest4j-1.3.0.jar;C:\Users\pylaj\.m2\repository\com\microsoft\playwright\driver\1.54.0\driver-1.54.0.jar;C:\Users\pylaj\.m2\repository\com\microsoft\playwright\driver-bundle\1.54.0\driver-bundle-1.54.0.jar;C:\Users\pylaj\.m2\repository\org\testng\testng\7.11.0\testng-7.11.0.jar;C:\Users\pylaj\.m2\repository\org\slf4j\slf4j-api\2.0.16\slf4j-api-2.0.16.jar;C:\Users\pylaj\.m2\repository\org\jcommander\jcommander\1.83\jcommander-1.83.jar;C:\Users\pylaj\.m2\repository\org\webjars\jquery\3.7.1\jquery-3.7.1.jar;C:\Users\pylaj\.m2\repository\com\aventstack\extentreports\5.1.2\extentreports-5.1.2.jar;C:\Users\pylaj\.m2\repository\io\reactivex\rxjava3\rxjava\3.1.6\rxjava-3.1.6.jar;C:\Users\pylaj\.m2\repository\org\reactivestreams\reactive-streams\1.0.4\reactive-streams-1.0.4.jar;C:\Users\pylaj\.m2\repository\org\freemarker\freemarker\2.3.32\freemarker-2.3.32.jar;C:\Users\pylaj\.m2\repository\org\projectlombok\lombok\1.18.26\lombok-1.18.26.jar;"/>
    <property name="java.vm.vendor" value="Oracle Corporation"/>
    <property name="sun.arch.data.model" value="64"/>
    <property name="user.variant" value=""/>
    <property name="java.vendor.url" value="https://java.oracle.com/"/>
    <property name="user.timezone" value="Asia/Calcutta"/>
    <property name="os.name" value="Windows 11"/>
    <property name="java.vm.specification.version" value="21"/>
    <property name="sun.java.launcher" value="SUN_STANDARD"/>
    <property name="user.country" value="IN"/>
    <property name="sun.boot.library.path" value="C:\Softwares\jdk-21.0.6\bin"/>
    <property name="sun.java.command" value="C:\Users\pylaj\AppData\Local\Temp\surefire16027995912812977658\surefirebooter-20250804232254662_3.jar C:\Users\pylaj\AppData\Local\Temp\surefire16027995912812977658 2025-08-04T23-22-54_138-jvmRun1 surefire-20250804232254662_1tmp surefire_0-20250804232254662_2tmp"/>
    <property name="jdk.debug" value="release"/>
    <property name="surefire.test.class.path" value="C:\Users\pylaj\eclipse-workspace\PlaywrightFramework\target\test-classes;C:\Users\pylaj\eclipse-workspace\PlaywrightFramework\target\classes;C:\Users\pylaj\.m2\repository\com\microsoft\playwright\playwright\1.54.0\playwright-1.54.0.jar;C:\Users\pylaj\.m2\repository\com\google\code\gson\gson\2.12.1\gson-2.12.1.jar;C:\Users\pylaj\.m2\repository\com\google\errorprone\error_prone_annotations\2.36.0\error_prone_annotations-2.36.0.jar;C:\Users\pylaj\.m2\repository\org\opentest4j\opentest4j\1.3.0\opentest4j-1.3.0.jar;C:\Users\pylaj\.m2\repository\com\microsoft\playwright\driver\1.54.0\driver-1.54.0.jar;C:\Users\pylaj\.m2\repository\com\microsoft\playwright\driver-bundle\1.54.0\driver-bundle-1.54.0.jar;C:\Users\pylaj\.m2\repository\org\testng\testng\7.11.0\testng-7.11.0.jar;C:\Users\pylaj\.m2\repository\org\slf4j\slf4j-api\2.0.16\slf4j-api-2.0.16.jar;C:\Users\pylaj\.m2\repository\org\jcommander\jcommander\1.83\jcommander-1.83.jar;C:\Users\pylaj\.m2\repository\org\webjars\jquery\3.7.1\jquery-3.7.1.jar;C:\Users\pylaj\.m2\repository\com\aventstack\extentreports\5.1.2\extentreports-5.1.2.jar;C:\Users\pylaj\.m2\repository\io\reactivex\rxjava3\rxjava\3.1.6\rxjava-3.1.6.jar;C:\Users\pylaj\.m2\repository\org\reactivestreams\reactive-streams\1.0.4\reactive-streams-1.0.4.jar;C:\Users\pylaj\.m2\repository\org\freemarker\freemarker\2.3.32\freemarker-2.3.32.jar;C:\Users\pylaj\.m2\repository\org\projectlombok\lombok\1.18.26\lombok-1.18.26.jar;"/>
    <property name="sun.cpu.endian" value="little"/>
    <property name="user.home" value="C:\Users\pylaj"/>
    <property name="user.language" value="en"/>
    <property name="java.specification.vendor" value="Oracle Corporation"/>
    <property name="java.version.date" value="2025-01-21"/>
    <property name="java.home" value="C:\Softwares\jdk-21.0.6"/>
    <property name="file.separator" value="\"/>
    <property name="basedir" value="C:\Users\pylaj\eclipse-workspace\PlaywrightFramework"/>
    <property name="java.vm.compressedOopsMode" value="Zero based"/>
    <property name="line.separator" value="&#10;"/>
    <property name="java.vm.specification.vendor" value="Oracle Corporation"/>
    <property name="java.specification.name" value="Java Platform API Specification"/>
    <property name="surefire.real.class.path" value="C:\Users\pylaj\AppData\Local\Temp\surefire16027995912812977658\surefirebooter-20250804232254662_3.jar"/>
    <property name="user.script" value=""/>
    <property name="sun.management.compiler" value="HotSpot 64-Bit Tiered Compilers"/>
    <property name="java.runtime.version" value="21.0.6+8-LTS-188"/>
    <property name="user.name" value="pylaj"/>
    <property name="stdout.encoding" value="Cp1252"/>
    <property name="path.separator" value=";"/>
    <property name="os.version" value="10.0"/>
    <property name="java.runtime.name" value="Java(TM) SE Runtime Environment"/>
    <property name="file.encoding" value="UTF-8"/>
    <property name="java.vm.name" value="Java HotSpot(TM) 64-Bit Server VM"/>
    <property name="localRepository" value="C:\Users\pylaj\.m2\repository"/>
    <property name="java.vendor.url.bug" value="https://bugreport.java.com/bugreport/"/>
    <property name="java.io.tmpdir" value="C:\Users\pylaj\AppData\Local\Temp\"/>
    <property name="java.version" value="21.0.6"/>
    <property name="user.dir" value="C:\Users\pylaj\eclipse-workspace\PlaywrightFramework"/>
    <property name="os.arch" value="amd64"/>
    <property name="java.vm.specification.name" value="Java Virtual Machine Specification"/>
    <property name="sun.os.patch.level" value=""/>
    <property name="native.encoding" value="Cp1252"/>
    <property name="java.library.path" value="C:\Softwares\jdk-21.0.6\bin;C:\WINDOWS\Sun\Java\bin;C:\WINDOWS\system32;C:\WINDOWS;C:\WINDOWS\system32;C:\WINDOWS;C:\WINDOWS\System32\Wbem;C:\WINDOWS\System32\WindowsPowerShell\v1.0\;C:\WINDOWS\System32\OpenSSH\;C:\Softwares\jdk-21.0.6\bin;C:\Softwares\apache-maven-3.9.9\bin;C:\Program Files\nodejs\;C:\Program Files\nodejs\node_modules;C:\Program Files\dotnet\;C:\Program Files\Git\cmd;C:\Users\pylaj\AppData\Local\Programs\Python\Python313\Scripts\;C:\Users\pylaj\AppData\Local\Programs\Python\Python313\;C:\Users\pylaj\AppData\Local\Microsoft\WindowsApps;C:\Users\pylaj\AppData\Local\Programs\Microsoft VS Code\bin;C:\Users\pylaj\AppData\Roaming\npm;C:\Program Files\JetBrains\PyCharm Community Edition 2024.3.5\bin;;."/>
    <property name="java.vm.info" value="mixed mode, sharing"/>
    <property name="stderr.encoding" value="Cp1252"/>
    <property name="java.vendor" value="Oracle Corporation"/>
    <property name="java.vm.version" value="21.0.6+8-LTS-188"/>
    <property name="sun.io.unicode.encoding" value="UnicodeLittle"/>
    <property name="java.class.version" value="65.0"/>
  </properties>
  <testcase name="homePageTitleTest" classname="com.qa.tests.HomePageTest" time="0.042">
    <system-out><![CDATA[Test Suite Started
homePageTitleTest Started!
Page title is: Your Store
homePageTitleTest passed!
]]></system-out>
    <system-err><![CDATA[SLF4J(W): No SLF4J providers were found.
SLF4J(W): Defaulting to no-operation (NOP) logger implementation
SLF4J(W): See https://www.slf4j.org/codes.html#noProviders for further details.
]]></system-err>
  </testcase>
  <testcase name="homePageURLTest" classname="com.qa.tests.HomePageTest" time="0.003">
    <system-out><![CDATA[homePageURLTest Started!
Page title is: https://naveenautomationlabs.com/opencart/
homePageURLTest passed!
]]></system-out>
  </testcase>
  <testcase name="searchTest[Macbook](1)" classname="com.qa.tests.HomePageTest" time="0.599">
    <system-out><![CDATA[searchTest Started!
Search - Macbook
searchTest passed!
]]></system-out>
  </testcase>
  <testcase name="searchTest[iMac](2)" classname="com.qa.tests.HomePageTest" time="0.58">
    <system-out><![CDATA[searchTest Started!
Search - iMac
searchTest passed!
]]></system-out>
  </testcase>
  <testcase name="searchTest[samsung](3)" classname="com.qa.tests.HomePageTest" time="0.516">
    <system-out><![CDATA[searchTest Started!
Search - samsung
searchTest passed!
]]></system-out>
  </testcase>
  <testcase name="loginPageNavigationTest" classname="com.qa.tests.LoginPageTest" time="0.996">
    <system-out><![CDATA[Test Suite is ending!
Test Suite Started
loginPageNavigationTest Started!
loginPageNavigationTest passed!
]]></system-out>
  </testcase>
  <testcase name="forgotPwdLinkExistTest" classname="com.qa.tests.LoginPageTest" time="0.025">
    <system-out><![CDATA[forgotPwdLinkExistTest Started!
forgotPwdLinkExistTest passed!
]]></system-out>
  </testcase>
  <testcase name="invalidUserNameTest" classname="com.qa.tests.LoginPageTest" time="0.484">
    <system-out><![CDATA[invalidUserNameTest Started!
invalidUserNameTest passed!
]]></system-out>
  </testcase>
  <testcase name="invalidPasswordTest" classname="com.qa.tests.LoginPageTest" time="0.509">
    <system-out><![CDATA[invalidPasswordTest Started!
invalidPasswordTest passed!
]]></system-out>
  </testcase>
  <testcase name="invalidUserAndPwdTest" classname="com.qa.tests.LoginPageTest" time="0.506">
    <system-out><![CDATA[invalidUserAndPwdTest Started!
invalidUserAndPwdTest passed!
]]></system-out>
  </testcase>
  <testcase name="appLoginTest" classname="com.qa.tests.LoginPageTest" time="0.831">
    <system-out><![CDATA[appLoginTest Started!
appLoginTest passed!
]]></system-out>
  </testcase>
  <testcase name="loginTest" classname="com.qa.tests.MyAccountPageTest" time="1.458">
    <system-out><![CDATA[Test Suite is ending!
Test Suite Started
loginTest Started!
loginTest passed!
]]></system-out>
  </testcase>
  <testcase name="isMyAccountOptionAvailable" classname="com.qa.tests.MyAccountPageTest" time="0.045">
    <system-out><![CDATA[isMyAccountOptionAvailable Started!
isMyAccountOptionAvailable passed!
]]></system-out>
  </testcase>
  <testcase name="isEditAccountOptionAvailable" classname="com.qa.tests.MyAccountPageTest" time="0.011">
    <system-out><![CDATA[isEditAccountOptionAvailable Started!
isEditAccountOptionAvailable passed!
]]></system-out>
  </testcase>
  <testcase name="isPasswordOptionAvailable" classname="com.qa.tests.MyAccountPageTest" time="0.011">
    <system-out><![CDATA[isPasswordOptionAvailable Started!
isPasswordOptionAvailable passed!
]]></system-out>
  </testcase>
  <testcase name="isAddressBookOptionAvailable" classname="com.qa.tests.MyAccountPageTest" time="0.012">
    <system-out><![CDATA[isAddressBookOptionAvailable Started!
isAddressBookOptionAvailable passed!
]]></system-out>
  </testcase>
  <testcase name="isWishListOptionAvailable" classname="com.qa.tests.MyAccountPageTest" time="0.013">
    <system-out><![CDATA[isWishListOptionAvailable Started!
isWishListOptionAvailable passed!
]]></system-out>
  </testcase>
  <testcase name="isOrderHistoryOptionAvailable" classname="com.qa.tests.MyAccountPageTest" time="0.01">
    <system-out><![CDATA[isOrderHistoryOptionAvailable Started!
isOrderHistoryOptionAvailable passed!
]]></system-out>
  </testcase>
  <testcase name="isDownloadsOptionAvailable" classname="com.qa.tests.MyAccountPageTest" time="0.011">
    <system-out><![CDATA[isDownloadsOptionAvailable Started!
isDownloadsOptionAvailable passed!
]]></system-out>
  </testcase>
  <testcase name="isRecurringPaymentsOptionAvailable" classname="com.qa.tests.MyAccountPageTest" time="0.013">
    <system-out><![CDATA[isRecurringPaymentsOptionAvailable Started!
isRecurringPaymentsOptionAvailable passed!
]]></system-out>
  </testcase>
  <testcase name="isRewardPointsOptionAvailable" classname="com.qa.tests.MyAccountPageTest" time="0.011">
    <system-out><![CDATA[isRewardPointsOptionAvailable Started!
isRewardPointsOptionAvailable passed!
]]></system-out>
  </testcase>
  <testcase name="isReturnsOptionAvailable" classname="com.qa.tests.MyAccountPageTest" time="0.015">
    <system-out><![CDATA[isReturnsOptionAvailable Started!
isReturnsOptionAvailable passed!
]]></system-out>
  </testcase>
  <testcase name="isTransactionsOptionAvailable" classname="com.qa.tests.MyAccountPageTest" time="0.014">
    <system-out><![CDATA[isTransactionsOptionAvailable Started!
isTransactionsOptionAvailable passed!
]]></system-out>
  </testcase>
  <testcase name="isNewsletterAvailable" classname="com.qa.tests.MyAccountPageTest" time="0.01">
    <system-out><![CDATA[isNewsletterAvailable Started!
isNewsletterAvailable passed!
]]></system-out>
  </testcase>
  <testcase name="isLogoutOptionAvailable" classname="com.qa.tests.MyAccountPageTest" time="0.013">
    <system-out><![CDATA[isLogoutOptionAvailable Started!
isLogoutOptionAvailable passed!
]]></system-out>
  </testcase>
</testsuite>