<?xml version="1.0" encoding="UTF-8"?>
<!-- Generated by org.testng.reporters.JUnitReportReporter -->
<testsuite hostname="Jagan" failures="0" tests="5" name="com.qa.tests.HomePageTest" time="2.544" errors="0" timestamp="2025-08-03T16:57:44 IST" skipped="0">
  <testcase classname="com.qa.tests.HomePageTest" name="homePageTitleTest" time="0.015"/>
  <testcase classname="com.qa.tests.HomePageTest" name="searchTest" time="0.761"/>
  <testcase classname="com.qa.tests.HomePageTest" name="searchTest" time="1.102"/>
  <testcase classname="com.qa.tests.HomePageTest" name="homePageURLTest" time="0.004"/>
  <testcase classname="com.qa.tests.HomePageTest" name="searchTest" time="0.662"/>
</testsuite> <!-- com.qa.tests.HomePageTest -->
