<?xml version="1.0" encoding="UTF-8"?>
<!-- Generated by org.testng.reporters.JUnitReportReporter -->
<testsuite hostname="Jagan" failures="0" tests="5" name="com.qa.tests.HomePageTest" time="1.608" errors="0" timestamp="2025-08-03T16:13:54 IST" skipped="0">
  <testcase classname="com.qa.tests.HomePageTest" name="homePageURLTest" time="0.003"/>
  <testcase classname="com.qa.tests.HomePageTest" name="searchTest" time="0.650"/>
  <testcase classname="com.qa.tests.HomePageTest" name="searchTest" time="0.428"/>
  <testcase classname="com.qa.tests.HomePageTest" name="homePageTitleTest" time="0.032"/>
  <testcase classname="com.qa.tests.HomePageTest" name="searchTest" time="0.495"/>
</testsuite> <!-- com.qa.tests.HomePageTest -->
