<?xml version="1.0" encoding="UTF-8"?>
<!-- Generated by org.testng.reporters.JUnitReportReporter -->
<testsuite hostname="Jagan" failures="0" tests="14" name="com.qa.tests.MyAccountTest" time="1.781" errors="0" timestamp="2025-08-04T23:02:15 IST" skipped="0">
  <testcase classname="com.qa.tests.MyAccountTest" name="loginTest" time="1.635"/>
  <testcase classname="com.qa.tests.MyAccountTest" name="isMyAccountOptionAvailable" time="0.036"/>
  <testcase classname="com.qa.tests.MyAccountTest" name="isEditAccountOptionAvailable" time="0.011"/>
  <testcase classname="com.qa.tests.MyAccountTest" name="isPasswordOptionAvailable" time="0.010"/>
  <testcase classname="com.qa.tests.MyAccountTest" name="isAddressBookOptionAvailable" time="0.011"/>
  <testcase classname="com.qa.tests.MyAccountTest" name="isWishListOptionAvailable" time="0.009"/>
  <testcase classname="com.qa.tests.MyAccountTest" name="isOrderHistoryOptionAvailable" time="0.009"/>
  <testcase classname="com.qa.tests.MyAccountTest" name="isDownloadsOptionAvailable" time="0.009"/>
  <testcase classname="com.qa.tests.MyAccountTest" name="isRecurringPaymentsOptionAvailable" time="0.009"/>
  <testcase classname="com.qa.tests.MyAccountTest" name="isRewardPointsOptionAvailable" time="0.009"/>
  <testcase classname="com.qa.tests.MyAccountTest" name="isReturnsOptionAvailable" time="0.010"/>
  <testcase classname="com.qa.tests.MyAccountTest" name="isTransactionsOptionAvailable" time="0.008"/>
  <testcase classname="com.qa.tests.MyAccountTest" name="isNewsletterAvailable" time="0.007"/>
  <testcase classname="com.qa.tests.MyAccountTest" name="isLogoutOptionAvailable" time="0.008"/>
</testsuite> <!-- com.qa.tests.MyAccountTest -->
