<?xml version="1.0" encoding="UTF-8"?>
<!-- Generated by org.testng.reporters.JUnitReportReporter -->
<testsuite hostname="Jagan" failures="0" tests="3" name="com.qa.tests.LoginPageTest" time="1.061" errors="0" timestamp="2025-08-03T16:23:18 IST" skipped="0">
  <testcase classname="com.qa.tests.LoginPageTest" name="loginPageNavigationTest" time="0.482"/>
  <testcase classname="com.qa.tests.LoginPageTest" name="forgotPwdLinkExistTest" time="0.026"/>
  <testcase classname="com.qa.tests.LoginPageTest" name="appLoginTest" time="0.553"/>
</testsuite> <!-- com.qa.tests.LoginPageTest -->
