<?xml version="1.0" encoding="UTF-8"?>
<!-- Generated by org.testng.reporters.JUnitReportReporter -->
<testsuite hostname="Jagan" failures="0" tests="3" name="com.qa.tests.LoginPageTest" time="1.454" errors="0" timestamp="2025-08-03T14:05:49 IST" skipped="0">
  <testcase classname="com.qa.tests.LoginPageTest" name="loginPageNavigationTest" time="0.461"/>
  <testcase classname="com.qa.tests.LoginPageTest" name="forgotPwdLinkExistTest" time="0.022"/>
  <testcase classname="com.qa.tests.LoginPageTest" name="appLoginTest" time="0.971"/>
</testsuite> <!-- com.qa.tests.LoginPageTest -->
