<?xml version="1.0" encoding="UTF-8"?>
<!-- Generated by org.testng.reporters.JUnitReportReporter -->
<testsuite hostname="Jagan" failures="0" tests="5" name="com.qa.tests.HomePageTest" time="1.951" errors="0" timestamp="2025-08-04T23:07:58 IST" skipped="0">
  <testcase classname="com.qa.tests.HomePageTest" name="searchTest" time="0.698"/>
  <testcase classname="com.qa.tests.HomePageTest" name="homePageURLTest" time="0.004"/>
  <testcase classname="com.qa.tests.HomePageTest" name="searchTest" time="0.701"/>
  <testcase classname="com.qa.tests.HomePageTest" name="homePageTitleTest" time="0.036"/>
  <testcase classname="com.qa.tests.HomePageTest" name="searchTest" time="0.512"/>
</testsuite> <!-- com.qa.tests.HomePageTest -->
