<?xml version="1.0" encoding="UTF-8"?>
<!-- Generated by org.testng.reporters.JUnitReportReporter -->
<testsuite hostname="Jagan" failures="0" tests="3" name="com.qa.tests.LoginPageTest" time="1.151" errors="0" timestamp="2025-08-03T16:13:54 IST" skipped="0">
  <testcase classname="com.qa.tests.LoginPageTest" name="loginPageNavigationTest" time="0.497"/>
  <testcase classname="com.qa.tests.LoginPageTest" name="forgotPwdLinkExistTest" time="0.026"/>
  <testcase classname="com.qa.tests.LoginPageTest" name="appLoginTest" time="0.628"/>
</testsuite> <!-- com.qa.tests.LoginPageTest -->
