<?xml version="1.0" encoding="UTF-8"?>
<!-- Generated by org.testng.reporters.JUnitReportReporter -->
<testsuite hostname="Jagan" failures="0" tests="5" name="com.qa.tests.HomePageTest" time="1.425" errors="0" timestamp="2025-08-03T14:05:49 IST" skipped="0">
  <testcase classname="com.qa.tests.HomePageTest" name="homePageURLTest" time="0.001"/>
  <testcase classname="com.qa.tests.HomePageTest" name="searchTest" time="0.340"/>
  <testcase classname="com.qa.tests.HomePageTest" name="homePageTitleTest" time="0.026"/>
  <testcase classname="com.qa.tests.HomePageTest" name="searchTest" time="0.391"/>
  <testcase classname="com.qa.tests.HomePageTest" name="searchTest" time="0.667"/>
</testsuite> <!-- com.qa.tests.HomePageTest -->
