<?xml version="1.0" encoding="UTF-8"?>
<!-- Generated by org.testng.reporters.JUnitReportReporter -->
<testsuite hostname="Jagan" failures="0" tests="5" name="com.qa.tests.HomePageTest" time="1.240" errors="0" timestamp="2025-08-03T13:03:08 IST" skipped="0">
  <testcase classname="com.qa.tests.HomePageTest" name="searchTest" time="0.344"/>
  <testcase classname="com.qa.tests.HomePageTest" name="homePageURLTest" time="0.001"/>
  <testcase classname="com.qa.tests.HomePageTest" name="searchTest" time="0.452"/>
  <testcase classname="com.qa.tests.HomePageTest" name="homePageTitleTest" time="0.021"/>
  <testcase classname="com.qa.tests.HomePageTest" name="searchTest" time="0.422"/>
</testsuite> <!-- com.qa.tests.HomePageTest -->
