<?xml version="1.0" encoding="UTF-8"?>
<!-- Generated by org.testng.reporters.JUnitReportReporter -->
<testsuite hostname="Jagan" failures="0" tests="3" name="com.qa.tests.LoginPageTest" time="0.926" errors="0" timestamp="2025-08-03T13:03:08 IST" skipped="0">
  <testcase classname="com.qa.tests.LoginPageTest" name="loginPageNavigationTest" time="0.342"/>
  <testcase classname="com.qa.tests.LoginPageTest" name="forgotPwdLinkExistTest" time="0.015"/>
  <testcase classname="com.qa.tests.LoginPageTest" name="appLoginTest" time="0.569"/>
</testsuite> <!-- com.qa.tests.LoginPageTest -->
